<?xml version="1.0" encoding="UTF-8"?>
<!-- Generated by org.testng.reporters.JUnitXMLReporter -->
<testsuite ignored="0" hostname="DESKTOP-HQ3R6OT" failures="0" tests="4" name="Default test" time="0.152" errors="0" timestamp="2024-11-18T11:09:32 IST">
  <testcase classname="Annotation_test5" name="TestA" time="0.024"/>
  <testcase classname="Annotation_test5" name="TestC" time="0.002"/>
  <testcase classname="Annotation_test5" name="TestD" time="0.007"/>
  <testcase classname="Annotation_test5" name="TestB" time="0.007"/>
</testsuite> <!-- Default test -->
