<?xml version="1.0" encoding="UTF-8"?>
<testng-results ignored="0" total="4" passed="4" failed="0" skipped="0">
  <reporter-output>
  </reporter-output>
  <suite started-at="2024-11-18T11:09:32 IST" name="Default suite" finished-at="2024-11-18T11:09:32 IST" duration-ms="152">
    <groups>
      <group name="g1">
        <method signature="Annotation_test5.TestA()[pri:0, instance:Annotation_test5@e15b7e8]" name="TestA" class="Annotation_test5"/>
        <method signature="Annotation_test5.TestC()[pri:0, instance:Annotation_test5@e15b7e8]" name="TestC" class="Annotation_test5"/>
      </group> <!-- g1 -->
    </groups>
    <test started-at="2024-11-18T11:09:32 IST" name="Default test" finished-at="2024-11-18T11:09:32 IST" duration-ms="152">
      <class name="Annotation_test5">
        <test-method signature="TestA()[pri:0, instance:Annotation_test5@e15b7e8]" started-at="2024-11-18T11:09:32 IST" name="TestA" finished-at="2024-11-18T11:09:32 IST" duration-ms="24" status="PASS">
          <reporter-output>
          </reporter-output>
        </test-method> <!-- TestA -->
        <test-method signature="TestC()[pri:0, instance:Annotation_test5@e15b7e8]" started-at="2024-11-18T11:09:32 IST" name="TestC" finished-at="2024-11-18T11:09:32 IST" duration-ms="2" status="PASS">
          <reporter-output>
          </reporter-output>
        </test-method> <!-- TestC -->
        <test-method signature="TestD()[pri:0, instance:Annotation_test5@e15b7e8]" started-at="2024-11-18T11:09:32 IST" name="TestD" finished-at="2024-11-18T11:09:32 IST" duration-ms="7" status="PASS">
          <reporter-output>
          </reporter-output>
        </test-method> <!-- TestD -->
        <test-method signature="TestB()[pri:0, instance:Annotation_test5@e15b7e8]" started-at="2024-11-18T11:09:32 IST" name="TestB" depends-on-groups="g1" finished-at="2024-11-18T11:09:32 IST" duration-ms="7" status="PASS">
          <reporter-output>
          </reporter-output>
        </test-method> <!-- TestB -->
      </class> <!-- Annotation_test5 -->
    </test> <!-- Default test -->
  </suite> <!-- Default suite -->
</testng-results>
